2024-11-02 12:36:49.095839 : PROCESS STARTED
2024-11-02 12:36:51.073439 : FAILED TO SEND TO mmak.lughat@gmail.com
2024-11-02 12:36:52.873585 : FAILED TO SEND TO k240528@nu.edu.pk
2024-11-02 12:36:52.875548 : PROCESS ENDED
2024-11-02 12:37:47.375942 : PROCESS STARTED
2024-11-02 12:37:52.081169 : SUCCESSFULLY SENT TO mmak.lughat@gmail.com
2024-11-02 12:37:55.295638 : SUCCESSFULLY SENT TO k240528@nu.edu.pk
2024-11-02 12:37:55.296601 : PROCESS ENDED
2024-11-02 13:20:09.691457 : PROCESS STARTED
2024-11-02 13:20:13.287675 : SUCCESSFULLY SENT TO mmak.lughat@gmail.com
2024-11-02 13:20:17.907252 : SUCCESSFULLY SENT TO k224231@nu.edu.pk
2024-11-02 13:20:17.909221 : PROCESS ENDED
2024-11-02 13:24:27.496633 : PROCESS STARTED
2024-11-02 13:24:30.953573 : SUCCESSFULLY SENT TO k243075@nu.edu.pk
2024-11-02 13:24:36.322502 : SUCCESSFULLY SENT TO k213822@nu.edu.pk
2024-11-02 13:24:39.798563 : SUCCESSFULLY SENT TO k240874@nu.edu.pk
2024-11-02 13:24:43.952389 : SUCCESSFULLY SENT TO k225039@nu.edu.pk
2024-11-02 13:24:48.098249 : SUCCESSFULLY SENT TO k224210@nu.edu.pk
2024-11-02 13:24:52.360819 : SUCCESSFULLY SENT TO k240981@nu.edu.pk
2024-11-02 13:24:55.593457 : SUCCESSFULLY SENT TO k240739@nu.edu.pk
2024-11-02 13:24:59.238432 : SUCCESSFULLY SENT TO k230507@nu.edu.pk
2024-11-02 13:25:02.859035 : SUCCESSFULLY SENT TO k224146@nu.edu.pk
2024-11-02 13:25:07.056241 : SUCCESSFULLY SENT TO k240876@nu.edu.pk
2024-11-02 13:25:11.227168 : SUCCESSFULLY SENT TO k240697@nu.edu.pk
2024-11-02 13:25:14.283505 : SUCCESSFULLY SENT TO k230663@nu.edu.pk
2024-11-02 13:25:18.307776 : SUCCESSFULLY SENT TO k224392@nu.edu.pk
2024-11-02 13:25:22.793549 : SUCCESSFULLY SENT TO k232008@nu.edu.pk
2024-11-02 13:25:26.258495 : SUCCESSFULLY SENT TO k224036@nu.edu.pk
2024-11-02 13:25:30.684541 : SUCCESSFULLY SENT TO k224115@nu.edu.pk
2024-11-02 13:25:34.939336 : SUCCESSFULLY SENT TO k242581@nu.edu.pk
2024-11-02 13:25:38.515929 : SUCCESSFULLY SENT TO k213248@nu.edu.pk
2024-11-02 13:25:43.048686 : SUCCESSFULLY SENT TO k240592@nu.edu.pk
2024-11-02 13:25:48.167099 : SUCCESSFULLY SENT TO k213590@nu.edu.pk
2024-11-02 13:25:52.654954 : SUCCESSFULLY SENT TO k224333@nu.edu.pk
2024-11-02 13:25:56.302460 : SUCCESSFULLY SENT TO k213873@nu.edu.pk
2024-11-02 13:26:00.952368 : SUCCESSFULLY SENT TO k241014@nu.edu.pk
2024-11-02 13:26:06.064535 : SUCCESSFULLY SENT TO k240768@nu.edu.pk
2024-11-02 13:26:10.454903 : SUCCESSFULLY SENT TO k214608@nu.edu.pk
2024-11-02 13:26:13.737086 : SUCCESSFULLY SENT TO k240637@nu.edu.pk
2024-11-02 13:26:17.133160 : SUCCESSFULLY SENT TO k224269@nu.edu.pk
2024-11-02 13:26:22.620814 : SUCCESSFULLY SENT TO k214664@nu.edu.pk
2024-11-02 13:26:25.751096 : SUCCESSFULLY SENT TO i230728@isb.nu.edu.pk
2024-11-02 13:26:30.446406 : SUCCESSFULLY SENT TO k214746@nu.edu.pk
2024-11-02 13:26:34.797981 : SUCCESSFULLY SENT TO k236001@nu.edu.pk
2024-11-02 13:26:39.463873 : SUCCESSFULLY SENT TO k245645@nu.edu.pk
2024-11-02 13:26:44.365736 : SUCCESSFULLY SENT TO k213819@nu.edu.pk
2024-11-02 13:26:48.981680 : SUCCESSFULLY SENT TO k214601@nu.edu.pk
2024-11-02 13:26:53.121671 : SUCCESSFULLY SENT TO k230805@nu.edu.pk
2024-11-02 13:26:58.299867 : SUCCESSFULLY SENT TO k224418@nu.edu.pk
2024-11-02 13:27:02.453065 : SUCCESSFULLY SENT TO k213260@nu.edu.pk
2024-11-02 13:27:05.694765 : SUCCESSFULLY SENT TO k225174@nu.edu.pk
2024-11-02 13:27:09.779551 : SUCCESSFULLY SENT TO k230714@nu.edu.pk
2024-11-02 13:27:13.876824 : SUCCESSFULLY SENT TO k213831@nu.edu.pk
2024-11-02 13:27:17.067912 : SUCCESSFULLY SENT TO k213858@nu.edu.pk
2024-11-02 13:27:21.069446 : SUCCESSFULLY SENT TO k224030@nu.edu.pk
2024-11-02 13:27:26.199246 : SUCCESSFULLY SENT TO k225132@nu.edu.pk
2024-11-02 13:27:30.568913 : SUCCESSFULLY SENT TO k230870@nu.edu.pk
2024-11-02 13:27:34.987577 : SUCCESSFULLY SENT TO k243017@nu.edu.pk
2024-11-02 13:27:39.783858 : SUCCESSFULLY SENT TO k224525@nu.edu.pk
2024-11-02 13:27:44.621646 : SUCCESSFULLY SENT TO k224337@nu.edu.pk
2024-11-02 13:27:54.462878 : SUCCESSFULLY SENT TO k213897@nu.edu.pk
2024-11-02 13:27:59.759545 : SUCCESSFULLY SENT TO k225102@nu.edu.pk
2024-11-02 13:28:03.211560 : SUCCESSFULLY SENT TO k230626@nu.edu.pk
2024-11-02 13:28:06.665223 : SUCCESSFULLY SENT TO k225047@nu.edu.pk
2024-11-02 13:28:12.052625 : SUCCESSFULLY SENT TO k240578@nu.edu.pk
2024-11-02 13:28:15.523066 : SUCCESSFULLY SENT TO k214930@nu.edu.pk
2024-11-02 13:28:20.801392 : SUCCESSFULLY SENT TO k230884@nu.edu.pk
2024-11-02 13:28:25.015645 : SUCCESSFULLY SENT TO k214516@nu.edu.pk
2024-11-02 13:28:28.344270 : SUCCESSFULLY SENT TO k230723@nu.edu.pk
2024-11-02 13:28:31.901154 : SUCCESSFULLY SENT TO k224318@nu.edu.pk
2024-11-02 13:28:35.328522 : SUCCESSFULLY SENT TO k230849@nu.edu.pk
2024-11-02 13:28:40.139094 : SUCCESSFULLY SENT TO k214562@nu.edu.pk
2024-11-02 13:28:43.760655 : SUCCESSFULLY SENT TO k224406@nu.edu.pk
2024-11-02 13:28:47.211995 : SUCCESSFULLY SENT TO k242005@nu.edu.pk
2024-11-02 13:28:50.607550 : SUCCESSFULLY SENT TO k240770@nu.edu.pk
2024-11-02 13:28:55.012325 : SUCCESSFULLY SENT TO k225168@nu.edu.pk
2024-11-02 13:28:59.580020 : SUCCESSFULLY SENT TO k213863@nu.edu.pk
2024-11-02 13:29:04.046914 : SUCCESSFULLY SENT TO k235001@nu.edu.pk
2024-11-02 13:29:08.417747 : SUCCESSFULLY SENT TO k228710@nu.edu.pk
2024-11-02 13:29:12.857443 : SUCCESSFULLY SENT TO k225152@nu.edu.pk
2024-11-02 13:29:18.137087 : SUCCESSFULLY SENT TO k213807@nu.edu.pk
2024-11-02 13:29:22.521604 : SUCCESSFULLY SENT TO k240631@nu.edu.pk
2024-11-02 13:29:27.062493 : SUCCESSFULLY SENT TO k243041@nu.edu.pk
2024-11-02 13:29:32.255255 : SUCCESSFULLY SENT TO k243019@nu.edu.pk
2024-11-02 13:29:37.552373 : SUCCESSFULLY SENT TO k224338@nu.edu.pk
2024-11-02 13:29:41.997553 : SUCCESSFULLY SENT TO k213854@nu.edu.pk
2024-11-02 13:29:45.408365 : SUCCESSFULLY SENT TO k214547@nu.edu.pk
2024-11-02 13:29:48.888551 : SUCCESSFULLY SENT TO k213273@nu.edu.pk
2024-11-02 13:29:53.282441 : SUCCESSFULLY SENT TO k230819@nu.edu.pk
2024-11-02 13:29:56.767121 : SUCCESSFULLY SENT TO k213401@nu.edu.pk
2024-11-02 13:30:00.089024 : SUCCESSFULLY SENT TO k240744@nu.edu.pk
2024-11-02 13:30:04.255945 : SUCCESSFULLY SENT TO k213212@nu.edu.pk
2024-11-02 13:30:08.833514 : SUCCESSFULLY SENT TO k213806@nu.edu.pk
2024-11-02 13:30:13.388407 : SUCCESSFULLY SENT TO k214568@nu.edu.pk
2024-11-02 13:30:16.906382 : SUCCESSFULLY SENT TO k232046@nu.edu.pk
2024-11-02 13:30:22.138013 : SUCCESSFULLY SENT TO k224634@nu.edu.pk
2024-11-02 13:30:26.507953 : SUCCESSFULLY SENT TO k224696@nu.edu.pk
2024-11-02 13:30:30.092956 : SUCCESSFULLY SENT TO k240687@nu.edu.pk
2024-11-02 13:30:35.489681 : SUCCESSFULLY SENT TO k213374@nu.edu.pk
2024-11-02 13:30:38.842351 : SUCCESSFULLY SENT TO k224449@nu.edu.pk
2024-11-02 13:30:42.077329 : SUCCESSFULLY SENT TO k213210@nu.edu.pk
2024-11-02 13:30:46.442395 : SUCCESSFULLY SENT TO k224112@nu.edu.pk
2024-11-02 13:30:50.782018 : SUCCESSFULLY SENT TO k225084@nu.edu.pk
2024-11-02 13:30:55.882662 : SUCCESSFULLY SENT TO k232031@nu.edu.pk
2024-11-02 13:30:59.189402 : SUCCESSFULLY SENT TO k224805@nu.edu.pk
2024-11-02 13:31:04.312891 : SUCCESSFULLY SENT TO k241009@nu.edu.pk
2024-11-02 13:31:07.864783 : SUCCESSFULLY SENT TO k230786@nu.edu.pk
2024-11-02 13:31:13.095318 : SUCCESSFULLY SENT TO k240719@nu.edu.pk
2024-11-02 13:31:16.923242 : SUCCESSFULLY SENT TO k243055@nu.edu.pk
2024-11-02 13:31:21.074428 : SUCCESSFULLY SENT TO k240978@nu.edu.pk
2024-11-02 13:31:24.752312 : SUCCESSFULLY SENT TO k240949@nu.edu.pk
2024-11-02 13:31:30.907662 : SUCCESSFULLY SENT TO k224148@nu.edu.pk
2024-11-02 13:31:36.565012 : SUCCESSFULLY SENT TO k213158@nu.edu.pk
2024-11-02 13:31:42.229747 : SUCCESSFULLY SENT TO k235026@nu.edu.pk
2024-11-02 13:31:45.759161 : SUCCESSFULLY SENT TO k232072@nu.edu.pk
2024-11-02 13:31:49.289922 : SUCCESSFULLY SENT TO k230611@nu.edu.pk
2024-11-02 13:31:54.166678 : SUCCESSFULLY SENT TO k224062@nu.edu.pk
2024-11-02 13:31:59.976525 : SUCCESSFULLY SENT TO k224087@nu.edu.pk
2024-11-02 13:32:04.632417 : SUCCESSFULLY SENT TO k213344@nu.edu.pk
2024-11-02 13:32:08.258964 : SUCCESSFULLY SENT TO k240625@nu.edu.pk
2024-11-02 13:32:11.665230 : SUCCESSFULLY SENT TO k240948@nu.edu.pk
2024-11-02 13:32:16.123957 : SUCCESSFULLY SENT TO k213061@nu.edu.pk
2024-11-02 13:32:20.610943 : SUCCESSFULLY SENT TO k224211@nu.edu.pk
2024-11-02 13:32:24.113495 : SUCCESSFULLY SENT TO k213968@nu.edu.pk
2024-11-02 13:32:29.039425 : SUCCESSFULLY SENT TO k224753@nu.edu.pk
2024-11-02 13:32:32.535505 : SUCCESSFULLY SENT TO k224768@nu.edu.pk
2024-11-02 13:32:37.081459 : SUCCESSFULLY SENT TO k224363@nu.edu.pk
2024-11-02 13:32:42.218954 : SUCCESSFULLY SENT TO k224293@nu.edu.pk
2024-11-02 13:32:47.025105 : SUCCESSFULLY SENT TO k224746@nu.edu.pk
2024-11-02 13:32:50.509717 : SUCCESSFULLY SENT TO k224398@nu.edu.pk
2024-11-02 13:32:54.823486 : SUCCESSFULLY SENT TO k213155@nu.edu.pk
2024-11-02 13:33:00.548154 : SUCCESSFULLY SENT TO k224599@nu.edu.pk
2024-11-02 13:33:05.413660 : SUCCESSFULLY SENT TO k213308@nu.edu.pk
2024-11-02 13:33:08.904970 : SUCCESSFULLY SENT TO k224297@nu.edu.pk
2024-11-02 13:33:14.707985 : SUCCESSFULLY SENT TO k224644@nu.edu.pk
2024-11-02 13:33:19.035767 : SUCCESSFULLY SENT TO k224388@nu.edu.pk
2024-11-02 13:33:24.690516 : SUCCESSFULLY SENT TO k224267@nu.edu.pk
2024-11-02 13:33:28.156460 : SUCCESSFULLY SENT TO k225085@nu.edu.pk
2024-11-02 13:33:34.092852 : SUCCESSFULLY SENT TO k240742@nu.edu.pk
2024-11-02 13:33:37.923629 : SUCCESSFULLY SENT TO k224154@nu.edu.pk
2024-11-02 13:33:42.808423 : SUCCESSFULLY SENT TO k224339@nu.edu.pk
2024-11-02 13:33:50.788115 : SUCCESSFULLY SENT TO k242559@nu.edu.pk
2024-11-02 13:33:55.295737 : SUCCESSFULLY SENT TO k225011@nu.edu.pk
2024-11-02 13:33:59.876270 : SUCCESSFULLY SENT TO k230588@nu.edu.pk
2024-11-02 13:34:05.119058 : SUCCESSFULLY SENT TO k233002@nu.edu.pk
2024-11-02 13:34:08.644940 : SUCCESSFULLY SENT TO k214703@nu.edu.pk
2024-11-02 13:34:13.414097 : SUCCESSFULLY SENT TO k230596@nu.edu.pk
2024-11-02 13:34:18.959230 : SUCCESSFULLY SENT TO k240632@nu.edu.pk
2024-11-02 13:34:23.387924 : SUCCESSFULLY SENT TO k224135@nu.edu.pk
2024-11-02 13:34:26.897788 : SUCCESSFULLY SENT TO k224326@nu.edu.pk
2024-11-02 13:34:33.193730 : SUCCESSFULLY SENT TO k230005@nu.edu.pk
2024-11-02 13:34:39.522387 : SUCCESSFULLY SENT TO k213853@nu.edu.pk
2024-11-02 13:34:45.703298 : SUCCESSFULLY SENT TO k230675@nu.edu.pk
2024-11-02 13:34:51.363660 : SUCCESSFULLY SENT TO k240603@nu.edu.pk
2024-11-02 13:35:04.003851 : SUCCESSFULLY SENT TO k213592@nu.edu.pk
2024-11-02 13:35:09.079403 : SUCCESSFULLY SENT TO k228736@nu.edu.pk
2024-11-02 13:35:12.287793 : SUCCESSFULLY SENT TO k230734@nu.edu.pk
2024-11-02 13:35:17.096712 : SUCCESSFULLY SENT TO k214939@nu.edu.pk
2024-11-02 13:35:20.554811 : SUCCESSFULLY SENT TO k213626@nu.edu.pk
2024-11-02 13:35:23.935179 : SUCCESSFULLY SENT TO k240657@nu.edu.pk
2024-11-02 13:35:27.454834 : SUCCESSFULLY SENT TO k214734@nu.edu.pk
2024-11-02 13:35:30.983068 : SUCCESSFULLY SENT TO k232044@nu.edu.pk
2024-11-02 13:35:35.133544 : SUCCESSFULLY SENT TO k230618@nu.edu.pk
2024-11-02 13:35:38.788629 : SUCCESSFULLY SENT TO k224530@nu.edu.pk
2024-11-02 13:35:42.347196 : SUCCESSFULLY SENT TO k230851@nu.edu.pk
2024-11-02 13:35:46.409965 : SUCCESSFULLY SENT TO k224347@nu.edu.pk
2024-11-02 13:35:49.761023 : SUCCESSFULLY SENT TO k214654@nu.edu.pk
2024-11-02 13:35:53.746840 : SUCCESSFULLY SENT TO k213426@nu.edu.pk
2024-11-02 13:35:57.193516 : SUCCESSFULLY SENT TO k213317@nu.edu.pk
2024-11-02 13:36:00.682060 : SUCCESSFULLY SENT TO k230078@nu.edu.pk
2024-11-02 13:36:04.437309 : SUCCESSFULLY SENT TO k224543@nu.edu.pk
2024-11-02 13:36:07.787604 : SUCCESSFULLY SENT TO i232527@isb.nu.edu.pk
2024-11-02 13:36:12.657724 : SUCCESSFULLY SENT TO k225006@nu.edu.pk
2024-11-02 13:36:18.204874 : SUCCESSFULLY SENT TO k224219@nu.edu.pk
2024-11-02 13:36:22.797455 : SUCCESSFULLY SENT TO k240986@nu.edu.pk
2024-11-02 13:36:27.241378 : SUCCESSFULLY SENT TO k240009@nu.edu.pk
2024-11-02 13:36:30.784210 : SUCCESSFULLY SENT TO k224381@nu.edu.pk
2024-11-02 13:36:35.498248 : SUCCESSFULLY SENT TO k224327@nu.edu.pk
2024-11-02 13:36:39.220034 : SUCCESSFULLY SENT TO k228709@nu.edu.pk
2024-11-02 13:36:44.609083 : SUCCESSFULLY SENT TO k242029@nu.edu.pk
2024-11-02 13:36:49.523293 : SUCCESSFULLY SENT TO k240619@nu.edu.pk
2024-11-02 13:36:54.895291 : SUCCESSFULLY SENT TO k224524@nu.edu.pk
2024-11-02 13:36:58.564954 : SUCCESSFULLY SENT TO k224299@nu.edu.pk
2024-11-02 13:37:02.012404 : SUCCESSFULLY SENT TO k230722@nu.edu.pk
2024-11-02 13:37:05.807024 : SUCCESSFULLY SENT TO k214510@nu.edu.pk
2024-11-02 13:37:11.439709 : SUCCESSFULLY SENT TO k224481@nu.edu.pk
2024-11-02 13:37:15.327323 : SUCCESSFULLY SENT TO k240961@nu.edu.pk
2024-11-02 13:37:19.014639 : SUCCESSFULLY SENT TO k230855@nu.edu.pk
2024-11-02 13:37:24.593323 : SUCCESSFULLY SENT TO k224279@nu.edu.pk
2024-11-02 13:37:29.516856 : SUCCESSFULLY SENT TO k213388@nu.edu.pk
2024-11-02 13:37:33.861495 : SUCCESSFULLY SENT TO k213310@nu.edu.pk
2024-11-02 13:37:38.935778 : SUCCESSFULLY SENT TO k225133@nu.edu.pk
2024-11-02 13:37:43.915469 : SUCCESSFULLY SENT TO k224214@nu.edu.pk
2024-11-02 13:37:48.458766 : SUCCESSFULLY SENT TO k243046@nu.edu.pk
2024-11-02 13:37:51.885906 : SUCCESSFULLY SENT TO k230605@nu.edu.pk
2024-11-02 13:37:56.938288 : SUCCESSFULLY SENT TO k213370@nu.edu.pk
2024-11-02 13:38:02.009804 : SUCCESSFULLY SENT TO k213950@nu.edu.pk
2024-11-02 13:38:07.657856 : SUCCESSFULLY SENT TO k224533@nu.edu.pk
2024-11-02 13:38:13.493191 : SUCCESSFULLY SENT TO k224862@nu.edu.pk
2024-11-02 13:38:17.181451 : SUCCESSFULLY SENT TO k242018@nu.edu.pk
2024-11-02 13:38:20.722459 : SUCCESSFULLY SENT TO k224693@nu.edu.pk
2024-11-02 13:38:24.756199 : SUCCESSFULLY SENT TO k224225@nu.edu.pk
2024-11-02 13:38:29.798022 : SUCCESSFULLY SENT TO k232040@nu.edu.pk
2024-11-02 13:38:36.228482 : SUCCESSFULLY SENT TO k224310@nu.edu.pk
2024-11-02 13:38:40.596537 : SUCCESSFULLY SENT TO k224410@nu.edu.pk
2024-11-02 13:38:44.741825 : SUCCESSFULLY SENT TO k214865@nu.edu.pk
2024-11-02 13:38:48.573078 : SUCCESSFULLY SENT TO k224541@nu.edu.pk
2024-11-02 13:38:52.819390 : SUCCESSFULLY SENT TO k230019@nu.edu.pk
2024-11-02 13:38:57.835639 : SUCCESSFULLY SENT TO k224514@nu.edu.pk
2024-11-02 13:39:02.534375 : SUCCESSFULLY SENT TO k214899@nu.edu.pk
2024-11-02 13:39:07.823375 : SUCCESSFULLY SENT TO k240725@nu.edu.pk
2024-11-02 13:39:12.130840 : SUCCESSFULLY SENT TO k228720@nu.edu.pk
2024-11-02 13:39:16.108346 : SUCCESSFULLY SENT TO k224271@nu.edu.pk
2024-11-02 13:39:21.216850 : SUCCESSFULLY SENT TO k240713@nu.edu.pk
2024-11-02 13:39:27.170683 : SUCCESSFULLY SENT TO k240919@nu.edu.pk
2024-11-02 13:39:31.229104 : SUCCESSFULLY SENT TO k224152@nu.edu.pk
2024-11-02 13:39:37.257578 : SUCCESSFULLY SENT TO k226014@nu.edu.pk
2024-11-02 13:39:42.611837 : SUCCESSFULLY SENT TO k240982@nu.edu.pk
2024-11-02 13:39:46.269361 : SUCCESSFULLY SENT TO k224749@nu.edu.pk
2024-11-02 13:39:52.150497 : SUCCESSFULLY SENT TO k228714@nu.edu.pk
2024-11-02 13:39:57.307988 : SUCCESSFULLY SENT TO k240018@nu.edu.pk
2024-11-02 13:40:02.753661 : SUCCESSFULLY SENT TO k235020@nu.edu.pk
2024-11-02 13:40:06.953825 : SUCCESSFULLY SENT TO k224217@nu.edu.pk
2024-11-02 13:40:11.119762 : SUCCESSFULLY SENT TO k240729@nu.edu.pk
2024-11-02 13:40:14.545324 : SUCCESSFULLY SENT TO k241043@nu.edu.pk
2024-11-02 13:40:18.005512 : SUCCESSFULLY SENT TO k225116@nu.edu.pk
2024-11-02 13:40:21.801188 : SUCCESSFULLY SENT TO k224671@nu.edu.pk
2024-11-02 13:40:26.510641 : SUCCESSFULLY SENT TO k213261@nu.edu.pk
2024-11-02 13:40:31.430620 : SUCCESSFULLY SENT TO k213906@nu.edu.pk
2024-11-02 13:40:35.623004 : SUCCESSFULLY SENT TO k240025@nu.edu.pk
2024-11-02 13:40:40.334705 : SUCCESSFULLY SENT TO k246112@nu.edu.pk
2024-11-02 13:40:45.191489 : SUCCESSFULLY SENT TO k230658@nu.edu.pk
2024-11-02 13:40:51.191865 : SUCCESSFULLY SENT TO k225004@nu.edu.pk
2024-11-02 13:40:55.065280 : SUCCESSFULLY SENT TO k230876@nu.edu.pk
2024-11-02 13:40:58.657783 : SUCCESSFULLY SENT TO k224348@nu.edu.pk
2024-11-02 13:41:03.992865 : SUCCESSFULLY SENT TO k230790@nu.edu.pk
2024-11-02 13:41:07.628034 : SUCCESSFULLY SENT TO k230520@nu.edu.pk
2024-11-02 13:41:11.364232 : SUCCESSFULLY SENT TO k240880@nu.edu.pk
2024-11-02 13:41:15.050436 : SUCCESSFULLY SENT TO k242547@nu.edu.pk
2024-11-02 13:41:18.941819 : SUCCESSFULLY SENT TO k224742@nu.edu.pk
2024-11-02 13:41:24.467788 : SUCCESSFULLY SENT TO k230563@nu.edu.pk
2024-11-02 13:41:30.517127 : SUCCESSFULLY SENT TO k225151@nu.edu.pk
2024-11-02 13:41:35.834334 : SUCCESSFULLY SENT TO k230774@nu.edu.pk
2024-11-02 13:41:39.317397 : SUCCESSFULLY SENT TO k230724@nu.edu.pk
2024-11-02 13:41:43.008916 : SUCCESSFULLY SENT TO k225008@nu.edu.pk
2024-11-02 13:41:47.124162 : SUCCESSFULLY SENT TO k230010@nu.edu.pk
2024-11-02 13:41:51.376596 : SUCCESSFULLY SENT TO k230749@nu.edu.pk
2024-11-02 13:41:55.294776 : SUCCESSFULLY SENT TO k230501@nu.edu.pk
2024-11-02 13:41:58.673641 : SUCCESSFULLY SENT TO i230710@isb.nu.edu.pk
2024-11-02 13:42:03.822819 : SUCCESSFULLY SENT TO k213262@nu.edu.pk
2024-11-02 13:42:06.988210 : SUCCESSFULLY SENT TO k224284@nu.edu.pk
2024-11-02 13:42:11.485219 : SUCCESSFULLY SENT TO k230869@nu.edu.pk
2024-11-02 13:42:14.716836 : SUCCESSFULLY SENT TO k224709@nu.edu.pk
2024-11-02 13:42:18.950597 : SUCCESSFULLY SENT TO k213329@nu.edu.pk
2024-11-02 13:42:23.295634 : SUCCESSFULLY SENT TO k213101@nu.edu.pk
2024-11-02 13:42:26.691405 : SUCCESSFULLY SENT TO k213240@nu.edu.pk
2024-11-02 13:42:31.527609 : SUCCESSFULLY SENT TO k230030@nu.edu.pk
2024-11-02 13:42:38.020991 : SUCCESSFULLY SENT TO k224685@nu.edu.pk
2024-11-02 13:42:44.528407 : SUCCESSFULLY SENT TO k224457@nu.edu.pk
2024-11-02 13:42:48.958164 : SUCCESSFULLY SENT TO k224045@nu.edu.pk
2024-11-02 13:42:52.792161 : SUCCESSFULLY SENT TO k224492@nu.edu.pk
2024-11-02 13:42:56.282698 : SUCCESSFULLY SENT TO k224306@nu.edu.pk
2024-11-02 13:43:25.591021 : EXCEPTION OCCOURED
	Connection unexpectedly closed
2024-11-02 13:43:25.595020 : PROCESS ENDED
2024-11-02 13:46:42.156545 : PROCESS STARTED
2024-11-02 13:46:45.732421 : SUCCESSFULLY SENT TO k224795@nu.edu.pk
2024-11-02 13:46:50.007089 : SUCCESSFULLY SENT TO i211237@nu.edu.pk
2024-11-02 13:46:54.334541 : SUCCESSFULLY SENT TO k225196@nu.edu.pk
2024-11-02 13:46:57.618973 : SUCCESSFULLY SENT TO k240989@nu.edu.pk
2024-11-02 13:47:01.201811 : SUCCESSFULLY SENT TO k224043@nu.edu.pk
2024-11-02 13:47:04.681038 : SUCCESSFULLY SENT TO k225071@nu.edu.pk
2024-11-02 13:47:08.949979 : SUCCESSFULLY SENT TO k225181@nu.edu.pk
2024-11-02 13:47:12.254376 : SUCCESSFULLY SENT TO k236049@nu.edu.pk
2024-11-02 13:47:15.270391 : SUCCESSFULLY SENT TO k224807@nu.edu.pk
2024-11-02 13:47:18.514818 : SUCCESSFULLY SENT TO k240781@nu.edu.pk
2024-11-02 13:47:21.682420 : SUCCESSFULLY SENT TO k213225@nu.edu.pk
2024-11-02 13:47:26.047008 : SUCCESSFULLY SENT TO k213381@nu.edu.pk
2024-11-02 13:47:29.368065 : SUCCESSFULLY SENT TO k224611@nu.edu.pk
2024-11-02 13:47:32.537305 : SUCCESSFULLY SENT TO k240761@nu.edu.pk
2024-11-02 13:47:35.635875 : SUCCESSFULLY SENT TO k224837@nu.edu.pk
2024-11-02 13:47:38.678170 : SUCCESSFULLY SENT TO k224538@nu.edu.pk
2024-11-02 13:47:41.979724 : SUCCESSFULLY SENT TO k242000@nu.edu.pk
2024-11-02 13:47:46.226972 : SUCCESSFULLY SENT TO k240840@nu.edu.pk
2024-11-02 13:47:49.536367 : SUCCESSFULLY SENT TO k201891@nu.edu.pk
2024-11-02 13:47:52.776544 : SUCCESSFULLY SENT TO k226009@nu.edu.pk
2024-11-02 13:47:56.702207 : SUCCESSFULLY SENT TO k224218@nu.edu.pk
2024-11-02 13:47:59.770416 : SUCCESSFULLY SENT TO k232081@nu.edu.pk
2024-11-02 13:48:03.029999 : SUCCESSFULLY SENT TO k213092@nu.edu.pk
2024-11-02 13:48:07.214251 : SUCCESSFULLY SENT TO k225104@nu.edu.pk
2024-11-02 13:48:10.524107 : SUCCESSFULLY SENT TO k243001@nu.edu.pk
2024-11-02 13:48:13.842635 : SUCCESSFULLY SENT TO k224610@nu.edu.pk
2024-11-02 13:48:17.753154 : SUCCESSFULLY SENT TO k224405@nu.edu.pk
2024-11-02 13:48:21.887612 : SUCCESSFULLY SENT TO k224132@nu.edu.pk
2024-11-02 13:48:24.958252 : SUCCESSFULLY SENT TO k242572@nu.edu.pk
2024-11-02 13:48:29.974528 : SUCCESSFULLY SENT TO k213820@nu.edu.pk
2024-11-02 13:48:33.049347 : SUCCESSFULLY SENT TO k230035@nu.edu.pk
2024-11-02 13:48:36.329193 : SUCCESSFULLY SENT TO k213575@nu.edu.pk
2024-11-02 13:48:39.500592 : SUCCESSFULLY SENT TO k230727@nu.edu.pk
2024-11-02 13:48:42.678411 : SUCCESSFULLY SENT TO k214714@nu.edu.pk
2024-11-02 13:48:45.913051 : SUCCESSFULLY SENT TO k224681@nu.edu.pk
2024-11-02 13:48:49.931740 : SUCCESSFULLY SENT TO k224700@nu.edu.pk
2024-11-02 13:48:52.836204 : SUCCESSFULLY SENT TO k213564@nu.edu.pk
2024-11-02 13:48:56.731138 : SUCCESSFULLY SENT TO k214756@nu.edu.pk
2024-11-02 13:48:59.749727 : SUCCESSFULLY SENT TO k230886@nu.edu.pk
2024-11-02 13:49:02.696723 : SUCCESSFULLY SENT TO i242533@isb.nu.edu.pk
2024-11-02 13:49:05.916198 : SUCCESSFULLY SENT TO k224495@nu.edu.pk
2024-11-02 13:49:08.995581 : SUCCESSFULLY SENT TO k214609@nu.edu.pk
2024-11-02 13:49:12.132588 : SUCCESSFULLY SENT TO k240869@nu.edu.pk
2024-11-02 13:49:17.163246 : SUCCESSFULLY SENT TO k240623@nu.edu.pk
2024-11-02 13:49:20.577228 : SUCCESSFULLY SENT TO i220763@nu.edu.pk
2024-11-02 13:49:25.208400 : SUCCESSFULLY SENT TO k232039@nu.edu.pk
2024-11-02 13:49:29.652009 : SUCCESSFULLY SENT TO k224494@nu.edu.pk
2024-11-02 13:49:32.853254 : SUCCESSFULLY SENT TO k242571@nu.edu.pk
2024-11-02 13:49:36.029195 : SUCCESSFULLY SENT TO k213402@nu.edu.pk
2024-11-02 13:49:39.200809 : SUCCESSFULLY SENT TO k213558@nu.edu.pk
2024-11-02 13:49:43.401959 : SUCCESSFULLY SENT TO k233042@nu.edu.pk
2024-11-02 13:49:46.682211 : SUCCESSFULLY SENT TO k242530@nu.edu.pk
2024-11-02 13:49:49.858213 : SUCCESSFULLY SENT TO i240669@isb.nu.edu.pk
2024-11-02 13:49:53.133173 : SUCCESSFULLY SENT TO k240837@nu.edu.pk
2024-11-02 13:49:56.295497 : SUCCESSFULLY SENT TO k224002@nu.edu.pk
2024-11-02 13:50:01.084792 : SUCCESSFULLY SENT TO k246120@nu.edu.pk
2024-11-02 13:50:04.720396 : SUCCESSFULLY SENT TO i230100@isb.nu.edu.pk
2024-11-02 13:50:08.090759 : SUCCESSFULLY SENT TO k236112@nu.edu.pk
2024-11-02 13:50:11.767454 : SUCCESSFULLY SENT TO k225069@nu.edu.pk
2024-11-02 13:50:14.856870 : SUCCESSFULLY SENT TO k213577@nu.edu.pk
2024-11-02 13:50:18.909318 : SUCCESSFULLY SENT TO k230896@nu.edu.pk
2024-11-02 13:50:22.025576 : SUCCESSFULLY SENT TO k213560@nu.edu.pk
2024-11-02 13:50:25.285838 : SUCCESSFULLY SENT TO k224779@nu.edu.pk
2024-11-02 13:50:28.737944 : SUCCESSFULLY SENT TO i240554@isb.nu.edu.pk
2024-11-02 13:50:33.178188 : SUCCESSFULLY SENT TO k213595@nu.edu.pk
2024-11-02 13:50:38.801996 : SUCCESSFULLY SENT TO k213597@nu.edu.pk
2024-11-02 13:50:42.184947 : SUCCESSFULLY SENT TO k235518@nu.edu.pk
2024-11-02 13:50:46.764265 : SUCCESSFULLY SENT TO k224684@nu.edu.pk
2024-11-02 13:50:49.904178 : SUCCESSFULLY SENT TO k232010@nu.edu.pk
2024-11-02 13:50:53.345342 : SUCCESSFULLY SENT TO k232035@nu.edu.pk
2024-11-02 13:50:56.828857 : SUCCESSFULLY SENT TO i232555@nu.edu.pk
2024-11-02 13:51:00.924712 : SUCCESSFULLY SENT TO k235519@nu.edu.pk
2024-11-02 13:51:20.647191 : SUCCESSFULLY SENT TO k235508@nu.edu.pk
2024-11-02 13:51:29.534213 : SUCCESSFULLY SENT TO k224761@nu.edu.pk
2024-11-02 13:51:34.481907 : SUCCESSFULLY SENT TO k224555@nu.edu.pk
2024-11-02 13:51:37.879169 : SUCCESSFULLY SENT TO k245576@nu.edu.pk
2024-11-02 13:51:41.367998 : SUCCESSFULLY SENT TO k214520@nu.edu.pk
2024-11-02 13:51:46.737088 : SUCCESSFULLY SENT TO k201041@nu.edu.pk
2024-11-02 13:51:49.867711 : SUCCESSFULLY SENT TO k225114@nu.edu.pk
2024-11-02 13:51:49.882671 : PROCESS ENDED
2024-11-06 20:26:01.509679 : PROCESS STARTED
2024-11-06 20:26:05.202313 : SUCCESSFULLY SENT TO mmak.lughat@gmail.com
2024-11-06 20:26:05.216274 : PROCESS ENDED
2024-11-06 20:27:15.874958 : PROCESS STARTED
2024-11-06 20:27:19.578024 : SUCCESSFULLY SENT TO mmak.lughat@gmail.com
2024-11-06 20:27:19.592017 : PROCESS ENDED
